<?xml version="1.0" encoding="UTF-8"?>
<testsuite xmlns:xsi="http://www.w3.org/2001/XMLSchema-instance" xsi:noNamespaceSchemaLocation="https://maven.apache.org/surefire/maven-surefire-plugin/xsd/surefire-test-report.xsd" name="cn.ustb.SpringbootshiroApplicationTests" time="26.461" tests="1" errors="0" skipped="0" failures="0">
  <properties>
    <property name="gopherProxySet" value="false"/>
    <property name="awt.toolkit" value="sun.lwawt.macosx.LWCToolkit"/>
    <property name="file.encoding.pkg" value="sun.io"/>
    <property name="java.specification.version" value="1.8"/>
    <property name="sun.cpu.isalist" value=""/>
    <property name="sun.jnu.encoding" value="UTF-8"/>
    <property name="java.class.path" value="/Users/MouseZhang/Documents/springboot/workspaces/ShiroModule/SpringBootShiro/target/test-classes:/Users/MouseZhang/Documents/springboot/workspaces/ShiroModule/SpringBootShiro/target/classes:/Users/MouseZhang/Documents/maven3libs/org/apache/shiro/shiro-spring/1.4.1/shiro-spring-1.4.1.jar:/Users/MouseZhang/Documents/maven3libs/org/apache/shiro/shiro-core/1.4.1/shiro-core-1.4.1.jar:/Users/MouseZhang/Documents/maven3libs/org/apache/shiro/shiro-lang/1.4.1/shiro-lang-1.4.1.jar:/Users/MouseZhang/Documents/maven3libs/org/apache/shiro/shiro-cache/1.4.1/shiro-cache-1.4.1.jar:/Users/MouseZhang/Documents/maven3libs/org/apache/shiro/shiro-crypto-hash/1.4.1/shiro-crypto-hash-1.4.1.jar:/Users/MouseZhang/Documents/maven3libs/org/apache/shiro/shiro-crypto-core/1.4.1/shiro-crypto-core-1.4.1.jar:/Users/MouseZhang/Documents/maven3libs/org/apache/shiro/shiro-crypto-cipher/1.4.1/shiro-crypto-cipher-1.4.1.jar:/Users/MouseZhang/Documents/maven3libs/org/apache/shiro/shiro-config-core/1.4.1/shiro-config-core-1.4.1.jar:/Users/MouseZhang/Documents/maven3libs/org/apache/shiro/shiro-config-ogdl/1.4.1/shiro-config-ogdl-1.4.1.jar:/Users/MouseZhang/Documents/maven3libs/commons-beanutils/commons-beanutils/1.9.3/commons-beanutils-1.9.3.jar:/Users/MouseZhang/Documents/maven3libs/commons-collections/commons-collections/3.2.2/commons-collections-3.2.2.jar:/Users/MouseZhang/Documents/maven3libs/org/apache/shiro/shiro-event/1.4.1/shiro-event-1.4.1.jar:/Users/MouseZhang/Documents/maven3libs/org/apache/shiro/shiro-web/1.4.1/shiro-web-1.4.1.jar:/Users/MouseZhang/Documents/maven3libs/org/springframework/boot/spring-boot-starter-web/2.2.4.RELEASE/spring-boot-starter-web-2.2.4.RELEASE.jar:/Users/MouseZhang/Documents/maven3libs/org/springframework/boot/spring-boot-starter/2.2.4.RELEASE/spring-boot-starter-2.2.4.RELEASE.jar:/Users/MouseZhang/Documents/maven3libs/org/springframework/boot/spring-boot/2.2.4.RELEASE/spring-boot-2.2.4.RELEASE.jar:/Users/MouseZhang/Documents/maven3libs/org/springframework/boot/spring-boot-autoconfigure/2.2.4.RELEASE/spring-boot-autoconfigure-2.2.4.RELEASE.jar:/Users/MouseZhang/Documents/maven3libs/org/springframework/boot/spring-boot-starter-logging/2.2.4.RELEASE/spring-boot-starter-logging-2.2.4.RELEASE.jar:/Users/MouseZhang/Documents/maven3libs/ch/qos/logback/logback-classic/1.2.3/logback-classic-1.2.3.jar:/Users/MouseZhang/Documents/maven3libs/ch/qos/logback/logback-core/1.2.3/logback-core-1.2.3.jar:/Users/MouseZhang/Documents/maven3libs/org/apache/logging/log4j/log4j-to-slf4j/2.12.1/log4j-to-slf4j-2.12.1.jar:/Users/MouseZhang/Documents/maven3libs/org/apache/logging/log4j/log4j-api/2.12.1/log4j-api-2.12.1.jar:/Users/MouseZhang/Documents/maven3libs/org/slf4j/jul-to-slf4j/1.7.30/jul-to-slf4j-1.7.30.jar:/Users/MouseZhang/Documents/maven3libs/jakarta/annotation/jakarta.annotation-api/1.3.5/jakarta.annotation-api-1.3.5.jar:/Users/MouseZhang/Documents/maven3libs/org/yaml/snakeyaml/1.25/snakeyaml-1.25.jar:/Users/MouseZhang/Documents/maven3libs/org/springframework/boot/spring-boot-starter-json/2.2.4.RELEASE/spring-boot-starter-json-2.2.4.RELEASE.jar:/Users/MouseZhang/Documents/maven3libs/com/fasterxml/jackson/core/jackson-databind/2.10.2/jackson-databind-2.10.2.jar:/Users/MouseZhang/Documents/maven3libs/com/fasterxml/jackson/core/jackson-annotations/2.10.2/jackson-annotations-2.10.2.jar:/Users/MouseZhang/Documents/maven3libs/com/fasterxml/jackson/core/jackson-core/2.10.2/jackson-core-2.10.2.jar:/Users/MouseZhang/Documents/maven3libs/com/fasterxml/jackson/datatype/jackson-datatype-jdk8/2.10.2/jackson-datatype-jdk8-2.10.2.jar:/Users/MouseZhang/Documents/maven3libs/com/fasterxml/jackson/datatype/jackson-datatype-jsr310/2.10.2/jackson-datatype-jsr310-2.10.2.jar:/Users/MouseZhang/Documents/maven3libs/com/fasterxml/jackson/module/jackson-module-parameter-names/2.10.2/jackson-module-parameter-names-2.10.2.jar:/Users/MouseZhang/Documents/maven3libs/org/springframework/boot/spring-boot-starter-tomcat/2.2.4.RELEASE/spring-boot-starter-tomcat-2.2.4.RELEASE.jar:/Users/MouseZhang/Documents/maven3libs/org/apache/tomcat/embed/tomcat-embed-core/9.0.30/tomcat-embed-core-9.0.30.jar:/Users/MouseZhang/Documents/maven3libs/org/apache/tomcat/embed/tomcat-embed-el/9.0.30/tomcat-embed-el-9.0.30.jar:/Users/MouseZhang/Documents/maven3libs/org/apache/tomcat/embed/tomcat-embed-websocket/9.0.30/tomcat-embed-websocket-9.0.30.jar:/Users/MouseZhang/Documents/maven3libs/org/springframework/boot/spring-boot-starter-validation/2.2.4.RELEASE/spring-boot-starter-validation-2.2.4.RELEASE.jar:/Users/MouseZhang/Documents/maven3libs/jakarta/validation/jakarta.validation-api/2.0.2/jakarta.validation-api-2.0.2.jar:/Users/MouseZhang/Documents/maven3libs/org/hibernate/validator/hibernate-validator/6.0.18.Final/hibernate-validator-6.0.18.Final.jar:/Users/MouseZhang/Documents/maven3libs/org/jboss/logging/jboss-logging/3.4.1.Final/jboss-logging-3.4.1.Final.jar:/Users/MouseZhang/Documents/maven3libs/com/fasterxml/classmate/1.5.1/classmate-1.5.1.jar:/Users/MouseZhang/Documents/maven3libs/org/springframework/spring-web/5.2.3.RELEASE/spring-web-5.2.3.RELEASE.jar:/Users/MouseZhang/Documents/maven3libs/org/springframework/spring-beans/5.2.3.RELEASE/spring-beans-5.2.3.RELEASE.jar:/Users/MouseZhang/Documents/maven3libs/org/springframework/spring-webmvc/5.2.3.RELEASE/spring-webmvc-5.2.3.RELEASE.jar:/Users/MouseZhang/Documents/maven3libs/org/springframework/spring-aop/5.2.3.RELEASE/spring-aop-5.2.3.RELEASE.jar:/Users/MouseZhang/Documents/maven3libs/org/springframework/spring-context/5.2.3.RELEASE/spring-context-5.2.3.RELEASE.jar:/Users/MouseZhang/Documents/maven3libs/org/springframework/spring-expression/5.2.3.RELEASE/spring-expression-5.2.3.RELEASE.jar:/Users/MouseZhang/Documents/maven3libs/org/springframework/boot/spring-boot-starter-test/2.2.4.RELEASE/spring-boot-starter-test-2.2.4.RELEASE.jar:/Users/MouseZhang/Documents/maven3libs/org/springframework/boot/spring-boot-test/2.2.4.RELEASE/spring-boot-test-2.2.4.RELEASE.jar:/Users/MouseZhang/Documents/maven3libs/org/springframework/boot/spring-boot-test-autoconfigure/2.2.4.RELEASE/spring-boot-test-autoconfigure-2.2.4.RELEASE.jar:/Users/MouseZhang/Documents/maven3libs/com/jayway/jsonpath/json-path/2.4.0/json-path-2.4.0.jar:/Users/MouseZhang/Documents/maven3libs/net/minidev/json-smart/2.3/json-smart-2.3.jar:/Users/MouseZhang/Documents/maven3libs/net/minidev/accessors-smart/1.2/accessors-smart-1.2.jar:/Users/MouseZhang/Documents/maven3libs/org/ow2/asm/asm/5.0.4/asm-5.0.4.jar:/Users/MouseZhang/Documents/maven3libs/jakarta/xml/bind/jakarta.xml.bind-api/2.3.2/jakarta.xml.bind-api-2.3.2.jar:/Users/MouseZhang/Documents/maven3libs/jakarta/activation/jakarta.activation-api/1.2.1/jakarta.activation-api-1.2.1.jar:/Users/MouseZhang/Documents/maven3libs/org/junit/jupiter/junit-jupiter/5.5.2/junit-jupiter-5.5.2.jar:/Users/MouseZhang/Documents/maven3libs/org/junit/jupiter/junit-jupiter-api/5.5.2/junit-jupiter-api-5.5.2.jar:/Users/MouseZhang/Documents/maven3libs/org/apiguardian/apiguardian-api/1.1.0/apiguardian-api-1.1.0.jar:/Users/MouseZhang/Documents/maven3libs/org/opentest4j/opentest4j/1.2.0/opentest4j-1.2.0.jar:/Users/MouseZhang/Documents/maven3libs/org/junit/platform/junit-platform-commons/1.5.2/junit-platform-commons-1.5.2.jar:/Users/MouseZhang/Documents/maven3libs/org/junit/jupiter/junit-jupiter-params/5.5.2/junit-jupiter-params-5.5.2.jar:/Users/MouseZhang/Documents/maven3libs/org/junit/jupiter/junit-jupiter-engine/5.5.2/junit-jupiter-engine-5.5.2.jar:/Users/MouseZhang/Documents/maven3libs/org/junit/platform/junit-platform-engine/1.5.2/junit-platform-engine-1.5.2.jar:/Users/MouseZhang/Documents/maven3libs/org/mockito/mockito-junit-jupiter/3.1.0/mockito-junit-jupiter-3.1.0.jar:/Users/MouseZhang/Documents/maven3libs/org/assertj/assertj-core/3.13.2/assertj-core-3.13.2.jar:/Users/MouseZhang/Documents/maven3libs/org/hamcrest/hamcrest/2.1/hamcrest-2.1.jar:/Users/MouseZhang/Documents/maven3libs/org/mockito/mockito-core/3.1.0/mockito-core-3.1.0.jar:/Users/MouseZhang/Documents/maven3libs/net/bytebuddy/byte-buddy/1.10.6/byte-buddy-1.10.6.jar:/Users/MouseZhang/Documents/maven3libs/net/bytebuddy/byte-buddy-agent/1.10.6/byte-buddy-agent-1.10.6.jar:/Users/MouseZhang/Documents/maven3libs/org/objenesis/objenesis/2.6/objenesis-2.6.jar:/Users/MouseZhang/Documents/maven3libs/org/skyscreamer/jsonassert/1.5.0/jsonassert-1.5.0.jar:/Users/MouseZhang/Documents/maven3libs/com/vaadin/external/google/android-json/0.0.20131108.vaadin1/android-json-0.0.20131108.vaadin1.jar:/Users/MouseZhang/Documents/maven3libs/org/springframework/spring-core/5.2.3.RELEASE/spring-core-5.2.3.RELEASE.jar:/Users/MouseZhang/Documents/maven3libs/org/springframework/spring-jcl/5.2.3.RELEASE/spring-jcl-5.2.3.RELEASE.jar:/Users/MouseZhang/Documents/maven3libs/org/springframework/spring-test/5.2.3.RELEASE/spring-test-5.2.3.RELEASE.jar:/Users/MouseZhang/Documents/maven3libs/org/xmlunit/xmlunit-core/2.6.3/xmlunit-core-2.6.3.jar:/Users/MouseZhang/Documents/maven3libs/org/thymeleaf/thymeleaf-spring5/3.0.11.RELEASE/thymeleaf-spring5-3.0.11.RELEASE.jar:/Users/MouseZhang/Documents/maven3libs/org/thymeleaf/thymeleaf/3.0.11.RELEASE/thymeleaf-3.0.11.RELEASE.jar:/Users/MouseZhang/Documents/maven3libs/org/attoparser/attoparser/2.0.5.RELEASE/attoparser-2.0.5.RELEASE.jar:/Users/MouseZhang/Documents/maven3libs/org/unbescape/unbescape/1.1.6.RELEASE/unbescape-1.1.6.RELEASE.jar:/Users/MouseZhang/Documents/maven3libs/org/slf4j/slf4j-api/1.7.30/slf4j-api-1.7.30.jar:/Users/MouseZhang/Documents/maven3libs/org/thymeleaf/extras/thymeleaf-extras-java8time/3.0.4.RELEASE/thymeleaf-extras-java8time-3.0.4.RELEASE.jar:/Users/MouseZhang/Documents/maven3libs/log4j/log4j/1.2.17/log4j-1.2.17.jar:/Users/MouseZhang/Documents/maven3libs/com/alibaba/druid/1.1.20/druid-1.1.20.jar:/Users/MouseZhang/Documents/maven3libs/mysql/mysql-connector-java/8.0.19/mysql-connector-java-8.0.19.jar:/Users/MouseZhang/Documents/maven3libs/org/mybatis/spring/boot/mybatis-spring-boot-starter/2.1.1/mybatis-spring-boot-starter-2.1.1.jar:/Users/MouseZhang/Documents/maven3libs/org/springframework/boot/spring-boot-starter-jdbc/2.2.4.RELEASE/spring-boot-starter-jdbc-2.2.4.RELEASE.jar:/Users/MouseZhang/Documents/maven3libs/com/zaxxer/HikariCP/3.4.2/HikariCP-3.4.2.jar:/Users/MouseZhang/Documents/maven3libs/org/springframework/spring-jdbc/5.2.3.RELEASE/spring-jdbc-5.2.3.RELEASE.jar:/Users/MouseZhang/Documents/maven3libs/org/springframework/spring-tx/5.2.3.RELEASE/spring-tx-5.2.3.RELEASE.jar:/Users/MouseZhang/Documents/maven3libs/org/mybatis/spring/boot/mybatis-spring-boot-autoconfigure/2.1.1/mybatis-spring-boot-autoconfigure-2.1.1.jar:/Users/MouseZhang/Documents/maven3libs/org/mybatis/mybatis/3.5.3/mybatis-3.5.3.jar:/Users/MouseZhang/Documents/maven3libs/org/mybatis/mybatis-spring/2.0.3/mybatis-spring-2.0.3.jar:/Users/MouseZhang/Documents/maven3libs/com/github/theborakompanioni/thymeleaf-extras-shiro/2.0.0/thymeleaf-extras-shiro-2.0.0.jar:"/>
    <property name="java.vm.vendor" value="Oracle Corporation"/>
    <property name="sun.arch.data.model" value="64"/>
    <property name="java.vendor.url" value="http://java.oracle.com/"/>
    <property name="user.timezone" value=""/>
    <property name="java.vm.specification.version" value="1.8"/>
    <property name="os.name" value="Mac OS X"/>
    <property name="user.country" value="CN"/>
    <property name="sun.java.launcher" value="SUN_STANDARD"/>
    <property name="sun.boot.library.path" value="/Library/Java/JavaVirtualMachines/jdk1.8.0_102.jdk/Contents/Home/jre/lib"/>
    <property name="sun.java.command" value="/Users/MouseZhang/Documents/springboot/workspaces/ShiroModule/SpringBootShiro/target/surefire/surefirebooter8141513859029607794.jar /Users/MouseZhang/Documents/springboot/workspaces/ShiroModule/SpringBootShiro/target/surefire 2020-02-26T18-16-08_924-jvmRun1 surefire2285702053212392789tmp surefire_08191483268045816479tmp"/>
    <property name="surefire.test.class.path" value="/Users/MouseZhang/Documents/springboot/workspaces/ShiroModule/SpringBootShiro/target/test-classes:/Users/MouseZhang/Documents/springboot/workspaces/ShiroModule/SpringBootShiro/target/classes:/Users/MouseZhang/Documents/maven3libs/org/apache/shiro/shiro-spring/1.4.1/shiro-spring-1.4.1.jar:/Users/MouseZhang/Documents/maven3libs/org/apache/shiro/shiro-core/1.4.1/shiro-core-1.4.1.jar:/Users/MouseZhang/Documents/maven3libs/org/apache/shiro/shiro-lang/1.4.1/shiro-lang-1.4.1.jar:/Users/MouseZhang/Documents/maven3libs/org/apache/shiro/shiro-cache/1.4.1/shiro-cache-1.4.1.jar:/Users/MouseZhang/Documents/maven3libs/org/apache/shiro/shiro-crypto-hash/1.4.1/shiro-crypto-hash-1.4.1.jar:/Users/MouseZhang/Documents/maven3libs/org/apache/shiro/shiro-crypto-core/1.4.1/shiro-crypto-core-1.4.1.jar:/Users/MouseZhang/Documents/maven3libs/org/apache/shiro/shiro-crypto-cipher/1.4.1/shiro-crypto-cipher-1.4.1.jar:/Users/MouseZhang/Documents/maven3libs/org/apache/shiro/shiro-config-core/1.4.1/shiro-config-core-1.4.1.jar:/Users/MouseZhang/Documents/maven3libs/org/apache/shiro/shiro-config-ogdl/1.4.1/shiro-config-ogdl-1.4.1.jar:/Users/MouseZhang/Documents/maven3libs/commons-beanutils/commons-beanutils/1.9.3/commons-beanutils-1.9.3.jar:/Users/MouseZhang/Documents/maven3libs/commons-collections/commons-collections/3.2.2/commons-collections-3.2.2.jar:/Users/MouseZhang/Documents/maven3libs/org/apache/shiro/shiro-event/1.4.1/shiro-event-1.4.1.jar:/Users/MouseZhang/Documents/maven3libs/org/apache/shiro/shiro-web/1.4.1/shiro-web-1.4.1.jar:/Users/MouseZhang/Documents/maven3libs/org/springframework/boot/spring-boot-starter-web/2.2.4.RELEASE/spring-boot-starter-web-2.2.4.RELEASE.jar:/Users/MouseZhang/Documents/maven3libs/org/springframework/boot/spring-boot-starter/2.2.4.RELEASE/spring-boot-starter-2.2.4.RELEASE.jar:/Users/MouseZhang/Documents/maven3libs/org/springframework/boot/spring-boot/2.2.4.RELEASE/spring-boot-2.2.4.RELEASE.jar:/Users/MouseZhang/Documents/maven3libs/org/springframework/boot/spring-boot-autoconfigure/2.2.4.RELEASE/spring-boot-autoconfigure-2.2.4.RELEASE.jar:/Users/MouseZhang/Documents/maven3libs/org/springframework/boot/spring-boot-starter-logging/2.2.4.RELEASE/spring-boot-starter-logging-2.2.4.RELEASE.jar:/Users/MouseZhang/Documents/maven3libs/ch/qos/logback/logback-classic/1.2.3/logback-classic-1.2.3.jar:/Users/MouseZhang/Documents/maven3libs/ch/qos/logback/logback-core/1.2.3/logback-core-1.2.3.jar:/Users/MouseZhang/Documents/maven3libs/org/apache/logging/log4j/log4j-to-slf4j/2.12.1/log4j-to-slf4j-2.12.1.jar:/Users/MouseZhang/Documents/maven3libs/org/apache/logging/log4j/log4j-api/2.12.1/log4j-api-2.12.1.jar:/Users/MouseZhang/Documents/maven3libs/org/slf4j/jul-to-slf4j/1.7.30/jul-to-slf4j-1.7.30.jar:/Users/MouseZhang/Documents/maven3libs/jakarta/annotation/jakarta.annotation-api/1.3.5/jakarta.annotation-api-1.3.5.jar:/Users/MouseZhang/Documents/maven3libs/org/yaml/snakeyaml/1.25/snakeyaml-1.25.jar:/Users/MouseZhang/Documents/maven3libs/org/springframework/boot/spring-boot-starter-json/2.2.4.RELEASE/spring-boot-starter-json-2.2.4.RELEASE.jar:/Users/MouseZhang/Documents/maven3libs/com/fasterxml/jackson/core/jackson-databind/2.10.2/jackson-databind-2.10.2.jar:/Users/MouseZhang/Documents/maven3libs/com/fasterxml/jackson/core/jackson-annotations/2.10.2/jackson-annotations-2.10.2.jar:/Users/MouseZhang/Documents/maven3libs/com/fasterxml/jackson/core/jackson-core/2.10.2/jackson-core-2.10.2.jar:/Users/MouseZhang/Documents/maven3libs/com/fasterxml/jackson/datatype/jackson-datatype-jdk8/2.10.2/jackson-datatype-jdk8-2.10.2.jar:/Users/MouseZhang/Documents/maven3libs/com/fasterxml/jackson/datatype/jackson-datatype-jsr310/2.10.2/jackson-datatype-jsr310-2.10.2.jar:/Users/MouseZhang/Documents/maven3libs/com/fasterxml/jackson/module/jackson-module-parameter-names/2.10.2/jackson-module-parameter-names-2.10.2.jar:/Users/MouseZhang/Documents/maven3libs/org/springframework/boot/spring-boot-starter-tomcat/2.2.4.RELEASE/spring-boot-starter-tomcat-2.2.4.RELEASE.jar:/Users/MouseZhang/Documents/maven3libs/org/apache/tomcat/embed/tomcat-embed-core/9.0.30/tomcat-embed-core-9.0.30.jar:/Users/MouseZhang/Documents/maven3libs/org/apache/tomcat/embed/tomcat-embed-el/9.0.30/tomcat-embed-el-9.0.30.jar:/Users/MouseZhang/Documents/maven3libs/org/apache/tomcat/embed/tomcat-embed-websocket/9.0.30/tomcat-embed-websocket-9.0.30.jar:/Users/MouseZhang/Documents/maven3libs/org/springframework/boot/spring-boot-starter-validation/2.2.4.RELEASE/spring-boot-starter-validation-2.2.4.RELEASE.jar:/Users/MouseZhang/Documents/maven3libs/jakarta/validation/jakarta.validation-api/2.0.2/jakarta.validation-api-2.0.2.jar:/Users/MouseZhang/Documents/maven3libs/org/hibernate/validator/hibernate-validator/6.0.18.Final/hibernate-validator-6.0.18.Final.jar:/Users/MouseZhang/Documents/maven3libs/org/jboss/logging/jboss-logging/3.4.1.Final/jboss-logging-3.4.1.Final.jar:/Users/MouseZhang/Documents/maven3libs/com/fasterxml/classmate/1.5.1/classmate-1.5.1.jar:/Users/MouseZhang/Documents/maven3libs/org/springframework/spring-web/5.2.3.RELEASE/spring-web-5.2.3.RELEASE.jar:/Users/MouseZhang/Documents/maven3libs/org/springframework/spring-beans/5.2.3.RELEASE/spring-beans-5.2.3.RELEASE.jar:/Users/MouseZhang/Documents/maven3libs/org/springframework/spring-webmvc/5.2.3.RELEASE/spring-webmvc-5.2.3.RELEASE.jar:/Users/MouseZhang/Documents/maven3libs/org/springframework/spring-aop/5.2.3.RELEASE/spring-aop-5.2.3.RELEASE.jar:/Users/MouseZhang/Documents/maven3libs/org/springframework/spring-context/5.2.3.RELEASE/spring-context-5.2.3.RELEASE.jar:/Users/MouseZhang/Documents/maven3libs/org/springframework/spring-expression/5.2.3.RELEASE/spring-expression-5.2.3.RELEASE.jar:/Users/MouseZhang/Documents/maven3libs/org/springframework/boot/spring-boot-starter-test/2.2.4.RELEASE/spring-boot-starter-test-2.2.4.RELEASE.jar:/Users/MouseZhang/Documents/maven3libs/org/springframework/boot/spring-boot-test/2.2.4.RELEASE/spring-boot-test-2.2.4.RELEASE.jar:/Users/MouseZhang/Documents/maven3libs/org/springframework/boot/spring-boot-test-autoconfigure/2.2.4.RELEASE/spring-boot-test-autoconfigure-2.2.4.RELEASE.jar:/Users/MouseZhang/Documents/maven3libs/com/jayway/jsonpath/json-path/2.4.0/json-path-2.4.0.jar:/Users/MouseZhang/Documents/maven3libs/net/minidev/json-smart/2.3/json-smart-2.3.jar:/Users/MouseZhang/Documents/maven3libs/net/minidev/accessors-smart/1.2/accessors-smart-1.2.jar:/Users/MouseZhang/Documents/maven3libs/org/ow2/asm/asm/5.0.4/asm-5.0.4.jar:/Users/MouseZhang/Documents/maven3libs/jakarta/xml/bind/jakarta.xml.bind-api/2.3.2/jakarta.xml.bind-api-2.3.2.jar:/Users/MouseZhang/Documents/maven3libs/jakarta/activation/jakarta.activation-api/1.2.1/jakarta.activation-api-1.2.1.jar:/Users/MouseZhang/Documents/maven3libs/org/junit/jupiter/junit-jupiter/5.5.2/junit-jupiter-5.5.2.jar:/Users/MouseZhang/Documents/maven3libs/org/junit/jupiter/junit-jupiter-api/5.5.2/junit-jupiter-api-5.5.2.jar:/Users/MouseZhang/Documents/maven3libs/org/apiguardian/apiguardian-api/1.1.0/apiguardian-api-1.1.0.jar:/Users/MouseZhang/Documents/maven3libs/org/opentest4j/opentest4j/1.2.0/opentest4j-1.2.0.jar:/Users/MouseZhang/Documents/maven3libs/org/junit/platform/junit-platform-commons/1.5.2/junit-platform-commons-1.5.2.jar:/Users/MouseZhang/Documents/maven3libs/org/junit/jupiter/junit-jupiter-params/5.5.2/junit-jupiter-params-5.5.2.jar:/Users/MouseZhang/Documents/maven3libs/org/junit/jupiter/junit-jupiter-engine/5.5.2/junit-jupiter-engine-5.5.2.jar:/Users/MouseZhang/Documents/maven3libs/org/junit/platform/junit-platform-engine/1.5.2/junit-platform-engine-1.5.2.jar:/Users/MouseZhang/Documents/maven3libs/org/mockito/mockito-junit-jupiter/3.1.0/mockito-junit-jupiter-3.1.0.jar:/Users/MouseZhang/Documents/maven3libs/org/assertj/assertj-core/3.13.2/assertj-core-3.13.2.jar:/Users/MouseZhang/Documents/maven3libs/org/hamcrest/hamcrest/2.1/hamcrest-2.1.jar:/Users/MouseZhang/Documents/maven3libs/org/mockito/mockito-core/3.1.0/mockito-core-3.1.0.jar:/Users/MouseZhang/Documents/maven3libs/net/bytebuddy/byte-buddy/1.10.6/byte-buddy-1.10.6.jar:/Users/MouseZhang/Documents/maven3libs/net/bytebuddy/byte-buddy-agent/1.10.6/byte-buddy-agent-1.10.6.jar:/Users/MouseZhang/Documents/maven3libs/org/objenesis/objenesis/2.6/objenesis-2.6.jar:/Users/MouseZhang/Documents/maven3libs/org/skyscreamer/jsonassert/1.5.0/jsonassert-1.5.0.jar:/Users/MouseZhang/Documents/maven3libs/com/vaadin/external/google/android-json/0.0.20131108.vaadin1/android-json-0.0.20131108.vaadin1.jar:/Users/MouseZhang/Documents/maven3libs/org/springframework/spring-core/5.2.3.RELEASE/spring-core-5.2.3.RELEASE.jar:/Users/MouseZhang/Documents/maven3libs/org/springframework/spring-jcl/5.2.3.RELEASE/spring-jcl-5.2.3.RELEASE.jar:/Users/MouseZhang/Documents/maven3libs/org/springframework/spring-test/5.2.3.RELEASE/spring-test-5.2.3.RELEASE.jar:/Users/MouseZhang/Documents/maven3libs/org/xmlunit/xmlunit-core/2.6.3/xmlunit-core-2.6.3.jar:/Users/MouseZhang/Documents/maven3libs/org/thymeleaf/thymeleaf-spring5/3.0.11.RELEASE/thymeleaf-spring5-3.0.11.RELEASE.jar:/Users/MouseZhang/Documents/maven3libs/org/thymeleaf/thymeleaf/3.0.11.RELEASE/thymeleaf-3.0.11.RELEASE.jar:/Users/MouseZhang/Documents/maven3libs/org/attoparser/attoparser/2.0.5.RELEASE/attoparser-2.0.5.RELEASE.jar:/Users/MouseZhang/Documents/maven3libs/org/unbescape/unbescape/1.1.6.RELEASE/unbescape-1.1.6.RELEASE.jar:/Users/MouseZhang/Documents/maven3libs/org/slf4j/slf4j-api/1.7.30/slf4j-api-1.7.30.jar:/Users/MouseZhang/Documents/maven3libs/org/thymeleaf/extras/thymeleaf-extras-java8time/3.0.4.RELEASE/thymeleaf-extras-java8time-3.0.4.RELEASE.jar:/Users/MouseZhang/Documents/maven3libs/log4j/log4j/1.2.17/log4j-1.2.17.jar:/Users/MouseZhang/Documents/maven3libs/com/alibaba/druid/1.1.20/druid-1.1.20.jar:/Users/MouseZhang/Documents/maven3libs/mysql/mysql-connector-java/8.0.19/mysql-connector-java-8.0.19.jar:/Users/MouseZhang/Documents/maven3libs/org/mybatis/spring/boot/mybatis-spring-boot-starter/2.1.1/mybatis-spring-boot-starter-2.1.1.jar:/Users/MouseZhang/Documents/maven3libs/org/springframework/boot/spring-boot-starter-jdbc/2.2.4.RELEASE/spring-boot-starter-jdbc-2.2.4.RELEASE.jar:/Users/MouseZhang/Documents/maven3libs/com/zaxxer/HikariCP/3.4.2/HikariCP-3.4.2.jar:/Users/MouseZhang/Documents/maven3libs/org/springframework/spring-jdbc/5.2.3.RELEASE/spring-jdbc-5.2.3.RELEASE.jar:/Users/MouseZhang/Documents/maven3libs/org/springframework/spring-tx/5.2.3.RELEASE/spring-tx-5.2.3.RELEASE.jar:/Users/MouseZhang/Documents/maven3libs/org/mybatis/spring/boot/mybatis-spring-boot-autoconfigure/2.1.1/mybatis-spring-boot-autoconfigure-2.1.1.jar:/Users/MouseZhang/Documents/maven3libs/org/mybatis/mybatis/3.5.3/mybatis-3.5.3.jar:/Users/MouseZhang/Documents/maven3libs/org/mybatis/mybatis-spring/2.0.3/mybatis-spring-2.0.3.jar:/Users/MouseZhang/Documents/maven3libs/com/github/theborakompanioni/thymeleaf-extras-shiro/2.0.0/thymeleaf-extras-shiro-2.0.0.jar:"/>
    <property name="sun.cpu.endian" value="little"/>
    <property name="user.home" value="/Users/MouseZhang"/>
    <property name="user.language" value="zh"/>
    <property name="java.specification.vendor" value="Oracle Corporation"/>
    <property name="java.home" value="/Library/Java/JavaVirtualMachines/jdk1.8.0_102.jdk/Contents/Home/jre"/>
    <property name="basedir" value="/Users/MouseZhang/Documents/springboot/workspaces/ShiroModule/SpringBootShiro"/>
    <property name="file.separator" value="/"/>
    <property name="line.separator" value="&#10;"/>
    <property name="java.vm.specification.vendor" value="Oracle Corporation"/>
    <property name="java.specification.name" value="Java Platform API Specification"/>
    <property name="java.awt.graphicsenv" value="sun.awt.CGraphicsEnvironment"/>
    <property name="surefire.real.class.path" value="/Users/MouseZhang/Documents/springboot/workspaces/ShiroModule/SpringBootShiro/target/surefire/surefirebooter8141513859029607794.jar"/>
    <property name="sun.boot.class.path" value="/Library/Java/JavaVirtualMachines/jdk1.8.0_102.jdk/Contents/Home/jre/lib/resources.jar:/Library/Java/JavaVirtualMachines/jdk1.8.0_102.jdk/Contents/Home/jre/lib/rt.jar:/Library/Java/JavaVirtualMachines/jdk1.8.0_102.jdk/Contents/Home/jre/lib/sunrsasign.jar:/Library/Java/JavaVirtualMachines/jdk1.8.0_102.jdk/Contents/Home/jre/lib/jsse.jar:/Library/Java/JavaVirtualMachines/jdk1.8.0_102.jdk/Contents/Home/jre/lib/jce.jar:/Library/Java/JavaVirtualMachines/jdk1.8.0_102.jdk/Contents/Home/jre/lib/charsets.jar:/Library/Java/JavaVirtualMachines/jdk1.8.0_102.jdk/Contents/Home/jre/lib/jfr.jar:/Library/Java/JavaVirtualMachines/jdk1.8.0_102.jdk/Contents/Home/jre/classes"/>
    <property name="sun.management.compiler" value="HotSpot 64-Bit Tiered Compilers"/>
    <property name="java.runtime.version" value="1.8.0_102-b14"/>
    <property name="user.name" value="MouseZhang"/>
    <property name="path.separator" value=":"/>
    <property name="os.version" value="10.13.6"/>
    <property name="java.endorsed.dirs" value="/Library/Java/JavaVirtualMachines/jdk1.8.0_102.jdk/Contents/Home/jre/lib/endorsed"/>
    <property name="java.runtime.name" value="Java(TM) SE Runtime Environment"/>
    <property name="file.encoding" value="US-ASCII"/>
    <property name="java.vm.name" value="Java HotSpot(TM) 64-Bit Server VM"/>
    <property name="localRepository" value="/Users/MouseZhang/Documents/maven3libs"/>
    <property name="java.vendor.url.bug" value="http://bugreport.sun.com/bugreport/"/>
    <property name="java.io.tmpdir" value="/var/folders/5w/xy9dd4gd5q96jvgpyf0fbvl80000gn/T/"/>
    <property name="java.version" value="1.8.0_102"/>
    <property name="user.dir" value="/Users/MouseZhang/Documents/springboot/workspaces/ShiroModule/SpringBootShiro"/>
    <property name="os.arch" value="x86_64"/>
    <property name="java.vm.specification.name" value="Java Virtual Machine Specification"/>
    <property name="java.awt.printerjob" value="sun.lwawt.macosx.CPrinterJob"/>
    <property name="user.language.format" value="en"/>
    <property name="sun.os.patch.level" value="unknown"/>
    <property name="idea.version2019.3.3" value="true"/>
    <property name="java.library.path" value="/Users/MouseZhang/Library/Java/Extensions:/Library/Java/Extensions:/Network/Library/Java/Extensions:/System/Library/Java/Extensions:/usr/lib/java:."/>
    <property name="java.vm.info" value="mixed mode"/>
    <property name="java.vendor" value="Oracle Corporation"/>
    <property name="java.vm.version" value="25.102-b14"/>
    <property name="java.ext.dirs" value="/Users/MouseZhang/Library/Java/Extensions:/Library/Java/JavaVirtualMachines/jdk1.8.0_102.jdk/Contents/Home/jre/lib/ext:/Library/Java/Extensions:/Network/Library/Java/Extensions:/System/Library/Java/Extensions:/usr/lib/java"/>
    <property name="sun.io.unicode.encoding" value="UnicodeBig"/>
    <property name="maven.repo.local" value="/Users/MouseZhang/Documents/maven3libs"/>
    <property name="java.class.version" value="52.0"/>
  </properties>
  <testcase name="contextLoads" classname="cn.ustb.SpringbootshiroApplicationTests" time="3.891"/>
</testsuite>