<?xml version="1.0" encoding="UTF-8"?>
<testsuite xmlns:xsi="http://www.w3.org/2001/XMLSchema-instance" xsi:noNamespaceSchemaLocation="https://maven.apache.org/surefire/maven-surefire-plugin/xsd/surefire-test-report.xsd" name="cn.ustb.SecurityApplicationTests" time="0.139" tests="3" errors="3" skipped="0" failures="0">
  <properties>
    <property name="gopherProxySet" value="false"/>
    <property name="awt.toolkit" value="sun.lwawt.macosx.LWCToolkit"/>
    <property name="file.encoding.pkg" value="sun.io"/>
    <property name="java.specification.version" value="1.8"/>
    <property name="sun.cpu.isalist" value=""/>
    <property name="sun.jnu.encoding" value="UTF-8"/>
    <property name="java.class.path" value="/Users/MouseZhang/Documents/springboot/workspaces/SpringBootSecurityModule/target/test-classes:/Users/MouseZhang/Documents/springboot/workspaces/SpringBootSecurityModule/target/classes:/Users/MouseZhang/Documents/maven3libs/org/springframework/boot/spring-boot-starter-web/2.0.9.RELEASE/spring-boot-starter-web-2.0.9.RELEASE.jar:/Users/MouseZhang/Documents/maven3libs/org/springframework/boot/spring-boot-starter/2.0.9.RELEASE/spring-boot-starter-2.0.9.RELEASE.jar:/Users/MouseZhang/Documents/maven3libs/org/springframework/boot/spring-boot/2.0.9.RELEASE/spring-boot-2.0.9.RELEASE.jar:/Users/MouseZhang/Documents/maven3libs/org/springframework/boot/spring-boot-autoconfigure/2.0.9.RELEASE/spring-boot-autoconfigure-2.0.9.RELEASE.jar:/Users/MouseZhang/Documents/maven3libs/org/springframework/boot/spring-boot-starter-logging/2.0.9.RELEASE/spring-boot-starter-logging-2.0.9.RELEASE.jar:/Users/MouseZhang/Documents/maven3libs/ch/qos/logback/logback-classic/1.2.3/logback-classic-1.2.3.jar:/Users/MouseZhang/Documents/maven3libs/ch/qos/logback/logback-core/1.2.3/logback-core-1.2.3.jar:/Users/MouseZhang/Documents/maven3libs/org/apache/logging/log4j/log4j-to-slf4j/2.10.0/log4j-to-slf4j-2.10.0.jar:/Users/MouseZhang/Documents/maven3libs/org/apache/logging/log4j/log4j-api/2.10.0/log4j-api-2.10.0.jar:/Users/MouseZhang/Documents/maven3libs/org/slf4j/jul-to-slf4j/1.7.26/jul-to-slf4j-1.7.26.jar:/Users/MouseZhang/Documents/maven3libs/javax/annotation/javax.annotation-api/1.3.2/javax.annotation-api-1.3.2.jar:/Users/MouseZhang/Documents/maven3libs/org/yaml/snakeyaml/1.19/snakeyaml-1.19.jar:/Users/MouseZhang/Documents/maven3libs/org/springframework/boot/spring-boot-starter-json/2.0.9.RELEASE/spring-boot-starter-json-2.0.9.RELEASE.jar:/Users/MouseZhang/Documents/maven3libs/com/fasterxml/jackson/core/jackson-databind/2.9.8/jackson-databind-2.9.8.jar:/Users/MouseZhang/Documents/maven3libs/com/fasterxml/jackson/core/jackson-annotations/2.9.0/jackson-annotations-2.9.0.jar:/Users/MouseZhang/Documents/maven3libs/com/fasterxml/jackson/core/jackson-core/2.9.8/jackson-core-2.9.8.jar:/Users/MouseZhang/Documents/maven3libs/com/fasterxml/jackson/datatype/jackson-datatype-jdk8/2.9.8/jackson-datatype-jdk8-2.9.8.jar:/Users/MouseZhang/Documents/maven3libs/com/fasterxml/jackson/datatype/jackson-datatype-jsr310/2.9.8/jackson-datatype-jsr310-2.9.8.jar:/Users/MouseZhang/Documents/maven3libs/com/fasterxml/jackson/module/jackson-module-parameter-names/2.9.8/jackson-module-parameter-names-2.9.8.jar:/Users/MouseZhang/Documents/maven3libs/org/springframework/boot/spring-boot-starter-tomcat/2.0.9.RELEASE/spring-boot-starter-tomcat-2.0.9.RELEASE.jar:/Users/MouseZhang/Documents/maven3libs/org/apache/tomcat/embed/tomcat-embed-core/8.5.39/tomcat-embed-core-8.5.39.jar:/Users/MouseZhang/Documents/maven3libs/org/apache/tomcat/embed/tomcat-embed-el/8.5.39/tomcat-embed-el-8.5.39.jar:/Users/MouseZhang/Documents/maven3libs/org/apache/tomcat/embed/tomcat-embed-websocket/8.5.39/tomcat-embed-websocket-8.5.39.jar:/Users/MouseZhang/Documents/maven3libs/org/hibernate/validator/hibernate-validator/6.0.16.Final/hibernate-validator-6.0.16.Final.jar:/Users/MouseZhang/Documents/maven3libs/javax/validation/validation-api/2.0.1.Final/validation-api-2.0.1.Final.jar:/Users/MouseZhang/Documents/maven3libs/org/jboss/logging/jboss-logging/3.3.2.Final/jboss-logging-3.3.2.Final.jar:/Users/MouseZhang/Documents/maven3libs/com/fasterxml/classmate/1.3.4/classmate-1.3.4.jar:/Users/MouseZhang/Documents/maven3libs/org/springframework/spring-web/5.0.13.RELEASE/spring-web-5.0.13.RELEASE.jar:/Users/MouseZhang/Documents/maven3libs/org/springframework/spring-beans/5.0.13.RELEASE/spring-beans-5.0.13.RELEASE.jar:/Users/MouseZhang/Documents/maven3libs/org/springframework/spring-webmvc/5.0.13.RELEASE/spring-webmvc-5.0.13.RELEASE.jar:/Users/MouseZhang/Documents/maven3libs/org/springframework/spring-context/5.0.13.RELEASE/spring-context-5.0.13.RELEASE.jar:/Users/MouseZhang/Documents/maven3libs/org/springframework/spring-expression/5.0.13.RELEASE/spring-expression-5.0.13.RELEASE.jar:/Users/MouseZhang/Documents/maven3libs/org/springframework/boot/spring-boot-starter-security/2.0.9.RELEASE/spring-boot-starter-security-2.0.9.RELEASE.jar:/Users/MouseZhang/Documents/maven3libs/org/springframework/spring-aop/5.0.13.RELEASE/spring-aop-5.0.13.RELEASE.jar:/Users/MouseZhang/Documents/maven3libs/org/springframework/security/spring-security-config/5.0.12.RELEASE/spring-security-config-5.0.12.RELEASE.jar:/Users/MouseZhang/Documents/maven3libs/org/springframework/security/spring-security-core/5.0.12.RELEASE/spring-security-core-5.0.12.RELEASE.jar:/Users/MouseZhang/Documents/maven3libs/org/springframework/security/spring-security-web/5.0.12.RELEASE/spring-security-web-5.0.12.RELEASE.jar:/Users/MouseZhang/Documents/maven3libs/org/springframework/boot/spring-boot-starter-test/2.0.9.RELEASE/spring-boot-starter-test-2.0.9.RELEASE.jar:/Users/MouseZhang/Documents/maven3libs/org/springframework/boot/spring-boot-test/2.0.9.RELEASE/spring-boot-test-2.0.9.RELEASE.jar:/Users/MouseZhang/Documents/maven3libs/org/springframework/boot/spring-boot-test-autoconfigure/2.0.9.RELEASE/spring-boot-test-autoconfigure-2.0.9.RELEASE.jar:/Users/MouseZhang/Documents/maven3libs/com/jayway/jsonpath/json-path/2.4.0/json-path-2.4.0.jar:/Users/MouseZhang/Documents/maven3libs/net/minidev/json-smart/2.3/json-smart-2.3.jar:/Users/MouseZhang/Documents/maven3libs/net/minidev/accessors-smart/1.2/accessors-smart-1.2.jar:/Users/MouseZhang/Documents/maven3libs/org/ow2/asm/asm/5.0.4/asm-5.0.4.jar:/Users/MouseZhang/Documents/maven3libs/junit/junit/4.12/junit-4.12.jar:/Users/MouseZhang/Documents/maven3libs/org/assertj/assertj-core/3.9.1/assertj-core-3.9.1.jar:/Users/MouseZhang/Documents/maven3libs/org/mockito/mockito-core/2.15.0/mockito-core-2.15.0.jar:/Users/MouseZhang/Documents/maven3libs/net/bytebuddy/byte-buddy/1.7.11/byte-buddy-1.7.11.jar:/Users/MouseZhang/Documents/maven3libs/net/bytebuddy/byte-buddy-agent/1.7.11/byte-buddy-agent-1.7.11.jar:/Users/MouseZhang/Documents/maven3libs/org/objenesis/objenesis/2.6/objenesis-2.6.jar:/Users/MouseZhang/Documents/maven3libs/org/hamcrest/hamcrest-core/1.3/hamcrest-core-1.3.jar:/Users/MouseZhang/Documents/maven3libs/org/hamcrest/hamcrest-library/1.3/hamcrest-library-1.3.jar:/Users/MouseZhang/Documents/maven3libs/org/skyscreamer/jsonassert/1.5.0/jsonassert-1.5.0.jar:/Users/MouseZhang/Documents/maven3libs/com/vaadin/external/google/android-json/0.0.20131108.vaadin1/android-json-0.0.20131108.vaadin1.jar:/Users/MouseZhang/Documents/maven3libs/org/springframework/spring-core/5.0.13.RELEASE/spring-core-5.0.13.RELEASE.jar:/Users/MouseZhang/Documents/maven3libs/org/springframework/spring-jcl/5.0.13.RELEASE/spring-jcl-5.0.13.RELEASE.jar:/Users/MouseZhang/Documents/maven3libs/org/springframework/spring-test/5.0.13.RELEASE/spring-test-5.0.13.RELEASE.jar:/Users/MouseZhang/Documents/maven3libs/org/xmlunit/xmlunit-core/2.5.1/xmlunit-core-2.5.1.jar:/Users/MouseZhang/Documents/maven3libs/org/thymeleaf/thymeleaf-spring5/3.0.11.RELEASE/thymeleaf-spring5-3.0.11.RELEASE.jar:/Users/MouseZhang/Documents/maven3libs/org/thymeleaf/thymeleaf/3.0.11.RELEASE/thymeleaf-3.0.11.RELEASE.jar:/Users/MouseZhang/Documents/maven3libs/org/attoparser/attoparser/2.0.5.RELEASE/attoparser-2.0.5.RELEASE.jar:/Users/MouseZhang/Documents/maven3libs/org/unbescape/unbescape/1.1.6.RELEASE/unbescape-1.1.6.RELEASE.jar:/Users/MouseZhang/Documents/maven3libs/org/slf4j/slf4j-api/1.7.26/slf4j-api-1.7.26.jar:/Users/MouseZhang/Documents/maven3libs/org/thymeleaf/extras/thymeleaf-extras-java8time/3.0.4.RELEASE/thymeleaf-extras-java8time-3.0.4.RELEASE.jar:/Users/MouseZhang/Documents/maven3libs/org/thymeleaf/extras/thymeleaf-extras-springsecurity4/3.0.4.RELEASE/thymeleaf-extras-springsecurity4-3.0.4.RELEASE.jar:"/>
    <property name="java.vm.vendor" value="Oracle Corporation"/>
    <property name="sun.arch.data.model" value="64"/>
    <property name="java.vendor.url" value="http://java.oracle.com/"/>
    <property name="user.timezone" value=""/>
    <property name="java.vm.specification.version" value="1.8"/>
    <property name="os.name" value="Mac OS X"/>
    <property name="user.country" value="CN"/>
    <property name="sun.java.launcher" value="SUN_STANDARD"/>
    <property name="sun.boot.library.path" value="/Library/Java/JavaVirtualMachines/jdk1.8.0_102.jdk/Contents/Home/jre/lib"/>
    <property name="sun.java.command" value="/Users/MouseZhang/Documents/springboot/workspaces/SpringBootSecurityModule/target/surefire/surefirebooter6592088558912334936.jar /Users/MouseZhang/Documents/springboot/workspaces/SpringBootSecurityModule/target/surefire 2020-02-25T18-59-36_819-jvmRun1 surefire3081283544540483105tmp surefire_03716594007280357744tmp"/>
    <property name="surefire.test.class.path" value="/Users/MouseZhang/Documents/springboot/workspaces/SpringBootSecurityModule/target/test-classes:/Users/MouseZhang/Documents/springboot/workspaces/SpringBootSecurityModule/target/classes:/Users/MouseZhang/Documents/maven3libs/org/springframework/boot/spring-boot-starter-web/2.0.9.RELEASE/spring-boot-starter-web-2.0.9.RELEASE.jar:/Users/MouseZhang/Documents/maven3libs/org/springframework/boot/spring-boot-starter/2.0.9.RELEASE/spring-boot-starter-2.0.9.RELEASE.jar:/Users/MouseZhang/Documents/maven3libs/org/springframework/boot/spring-boot/2.0.9.RELEASE/spring-boot-2.0.9.RELEASE.jar:/Users/MouseZhang/Documents/maven3libs/org/springframework/boot/spring-boot-autoconfigure/2.0.9.RELEASE/spring-boot-autoconfigure-2.0.9.RELEASE.jar:/Users/MouseZhang/Documents/maven3libs/org/springframework/boot/spring-boot-starter-logging/2.0.9.RELEASE/spring-boot-starter-logging-2.0.9.RELEASE.jar:/Users/MouseZhang/Documents/maven3libs/ch/qos/logback/logback-classic/1.2.3/logback-classic-1.2.3.jar:/Users/MouseZhang/Documents/maven3libs/ch/qos/logback/logback-core/1.2.3/logback-core-1.2.3.jar:/Users/MouseZhang/Documents/maven3libs/org/apache/logging/log4j/log4j-to-slf4j/2.10.0/log4j-to-slf4j-2.10.0.jar:/Users/MouseZhang/Documents/maven3libs/org/apache/logging/log4j/log4j-api/2.10.0/log4j-api-2.10.0.jar:/Users/MouseZhang/Documents/maven3libs/org/slf4j/jul-to-slf4j/1.7.26/jul-to-slf4j-1.7.26.jar:/Users/MouseZhang/Documents/maven3libs/javax/annotation/javax.annotation-api/1.3.2/javax.annotation-api-1.3.2.jar:/Users/MouseZhang/Documents/maven3libs/org/yaml/snakeyaml/1.19/snakeyaml-1.19.jar:/Users/MouseZhang/Documents/maven3libs/org/springframework/boot/spring-boot-starter-json/2.0.9.RELEASE/spring-boot-starter-json-2.0.9.RELEASE.jar:/Users/MouseZhang/Documents/maven3libs/com/fasterxml/jackson/core/jackson-databind/2.9.8/jackson-databind-2.9.8.jar:/Users/MouseZhang/Documents/maven3libs/com/fasterxml/jackson/core/jackson-annotations/2.9.0/jackson-annotations-2.9.0.jar:/Users/MouseZhang/Documents/maven3libs/com/fasterxml/jackson/core/jackson-core/2.9.8/jackson-core-2.9.8.jar:/Users/MouseZhang/Documents/maven3libs/com/fasterxml/jackson/datatype/jackson-datatype-jdk8/2.9.8/jackson-datatype-jdk8-2.9.8.jar:/Users/MouseZhang/Documents/maven3libs/com/fasterxml/jackson/datatype/jackson-datatype-jsr310/2.9.8/jackson-datatype-jsr310-2.9.8.jar:/Users/MouseZhang/Documents/maven3libs/com/fasterxml/jackson/module/jackson-module-parameter-names/2.9.8/jackson-module-parameter-names-2.9.8.jar:/Users/MouseZhang/Documents/maven3libs/org/springframework/boot/spring-boot-starter-tomcat/2.0.9.RELEASE/spring-boot-starter-tomcat-2.0.9.RELEASE.jar:/Users/MouseZhang/Documents/maven3libs/org/apache/tomcat/embed/tomcat-embed-core/8.5.39/tomcat-embed-core-8.5.39.jar:/Users/MouseZhang/Documents/maven3libs/org/apache/tomcat/embed/tomcat-embed-el/8.5.39/tomcat-embed-el-8.5.39.jar:/Users/MouseZhang/Documents/maven3libs/org/apache/tomcat/embed/tomcat-embed-websocket/8.5.39/tomcat-embed-websocket-8.5.39.jar:/Users/MouseZhang/Documents/maven3libs/org/hibernate/validator/hibernate-validator/6.0.16.Final/hibernate-validator-6.0.16.Final.jar:/Users/MouseZhang/Documents/maven3libs/javax/validation/validation-api/2.0.1.Final/validation-api-2.0.1.Final.jar:/Users/MouseZhang/Documents/maven3libs/org/jboss/logging/jboss-logging/3.3.2.Final/jboss-logging-3.3.2.Final.jar:/Users/MouseZhang/Documents/maven3libs/com/fasterxml/classmate/1.3.4/classmate-1.3.4.jar:/Users/MouseZhang/Documents/maven3libs/org/springframework/spring-web/5.0.13.RELEASE/spring-web-5.0.13.RELEASE.jar:/Users/MouseZhang/Documents/maven3libs/org/springframework/spring-beans/5.0.13.RELEASE/spring-beans-5.0.13.RELEASE.jar:/Users/MouseZhang/Documents/maven3libs/org/springframework/spring-webmvc/5.0.13.RELEASE/spring-webmvc-5.0.13.RELEASE.jar:/Users/MouseZhang/Documents/maven3libs/org/springframework/spring-context/5.0.13.RELEASE/spring-context-5.0.13.RELEASE.jar:/Users/MouseZhang/Documents/maven3libs/org/springframework/spring-expression/5.0.13.RELEASE/spring-expression-5.0.13.RELEASE.jar:/Users/MouseZhang/Documents/maven3libs/org/springframework/boot/spring-boot-starter-security/2.0.9.RELEASE/spring-boot-starter-security-2.0.9.RELEASE.jar:/Users/MouseZhang/Documents/maven3libs/org/springframework/spring-aop/5.0.13.RELEASE/spring-aop-5.0.13.RELEASE.jar:/Users/MouseZhang/Documents/maven3libs/org/springframework/security/spring-security-config/5.0.12.RELEASE/spring-security-config-5.0.12.RELEASE.jar:/Users/MouseZhang/Documents/maven3libs/org/springframework/security/spring-security-core/5.0.12.RELEASE/spring-security-core-5.0.12.RELEASE.jar:/Users/MouseZhang/Documents/maven3libs/org/springframework/security/spring-security-web/5.0.12.RELEASE/spring-security-web-5.0.12.RELEASE.jar:/Users/MouseZhang/Documents/maven3libs/org/springframework/boot/spring-boot-starter-test/2.0.9.RELEASE/spring-boot-starter-test-2.0.9.RELEASE.jar:/Users/MouseZhang/Documents/maven3libs/org/springframework/boot/spring-boot-test/2.0.9.RELEASE/spring-boot-test-2.0.9.RELEASE.jar:/Users/MouseZhang/Documents/maven3libs/org/springframework/boot/spring-boot-test-autoconfigure/2.0.9.RELEASE/spring-boot-test-autoconfigure-2.0.9.RELEASE.jar:/Users/MouseZhang/Documents/maven3libs/com/jayway/jsonpath/json-path/2.4.0/json-path-2.4.0.jar:/Users/MouseZhang/Documents/maven3libs/net/minidev/json-smart/2.3/json-smart-2.3.jar:/Users/MouseZhang/Documents/maven3libs/net/minidev/accessors-smart/1.2/accessors-smart-1.2.jar:/Users/MouseZhang/Documents/maven3libs/org/ow2/asm/asm/5.0.4/asm-5.0.4.jar:/Users/MouseZhang/Documents/maven3libs/junit/junit/4.12/junit-4.12.jar:/Users/MouseZhang/Documents/maven3libs/org/assertj/assertj-core/3.9.1/assertj-core-3.9.1.jar:/Users/MouseZhang/Documents/maven3libs/org/mockito/mockito-core/2.15.0/mockito-core-2.15.0.jar:/Users/MouseZhang/Documents/maven3libs/net/bytebuddy/byte-buddy/1.7.11/byte-buddy-1.7.11.jar:/Users/MouseZhang/Documents/maven3libs/net/bytebuddy/byte-buddy-agent/1.7.11/byte-buddy-agent-1.7.11.jar:/Users/MouseZhang/Documents/maven3libs/org/objenesis/objenesis/2.6/objenesis-2.6.jar:/Users/MouseZhang/Documents/maven3libs/org/hamcrest/hamcrest-core/1.3/hamcrest-core-1.3.jar:/Users/MouseZhang/Documents/maven3libs/org/hamcrest/hamcrest-library/1.3/hamcrest-library-1.3.jar:/Users/MouseZhang/Documents/maven3libs/org/skyscreamer/jsonassert/1.5.0/jsonassert-1.5.0.jar:/Users/MouseZhang/Documents/maven3libs/com/vaadin/external/google/android-json/0.0.20131108.vaadin1/android-json-0.0.20131108.vaadin1.jar:/Users/MouseZhang/Documents/maven3libs/org/springframework/spring-core/5.0.13.RELEASE/spring-core-5.0.13.RELEASE.jar:/Users/MouseZhang/Documents/maven3libs/org/springframework/spring-jcl/5.0.13.RELEASE/spring-jcl-5.0.13.RELEASE.jar:/Users/MouseZhang/Documents/maven3libs/org/springframework/spring-test/5.0.13.RELEASE/spring-test-5.0.13.RELEASE.jar:/Users/MouseZhang/Documents/maven3libs/org/xmlunit/xmlunit-core/2.5.1/xmlunit-core-2.5.1.jar:/Users/MouseZhang/Documents/maven3libs/org/thymeleaf/thymeleaf-spring5/3.0.11.RELEASE/thymeleaf-spring5-3.0.11.RELEASE.jar:/Users/MouseZhang/Documents/maven3libs/org/thymeleaf/thymeleaf/3.0.11.RELEASE/thymeleaf-3.0.11.RELEASE.jar:/Users/MouseZhang/Documents/maven3libs/org/attoparser/attoparser/2.0.5.RELEASE/attoparser-2.0.5.RELEASE.jar:/Users/MouseZhang/Documents/maven3libs/org/unbescape/unbescape/1.1.6.RELEASE/unbescape-1.1.6.RELEASE.jar:/Users/MouseZhang/Documents/maven3libs/org/slf4j/slf4j-api/1.7.26/slf4j-api-1.7.26.jar:/Users/MouseZhang/Documents/maven3libs/org/thymeleaf/extras/thymeleaf-extras-java8time/3.0.4.RELEASE/thymeleaf-extras-java8time-3.0.4.RELEASE.jar:/Users/MouseZhang/Documents/maven3libs/org/thymeleaf/extras/thymeleaf-extras-springsecurity4/3.0.4.RELEASE/thymeleaf-extras-springsecurity4-3.0.4.RELEASE.jar:"/>
    <property name="sun.cpu.endian" value="little"/>
    <property name="user.home" value="/Users/MouseZhang"/>
    <property name="user.language" value="zh"/>
    <property name="java.specification.vendor" value="Oracle Corporation"/>
    <property name="java.home" value="/Library/Java/JavaVirtualMachines/jdk1.8.0_102.jdk/Contents/Home/jre"/>
    <property name="basedir" value="/Users/MouseZhang/Documents/springboot/workspaces/SpringBootSecurityModule"/>
    <property name="file.separator" value="/"/>
    <property name="line.separator" value="&#10;"/>
    <property name="java.vm.specification.vendor" value="Oracle Corporation"/>
    <property name="java.specification.name" value="Java Platform API Specification"/>
    <property name="java.awt.graphicsenv" value="sun.awt.CGraphicsEnvironment"/>
    <property name="surefire.real.class.path" value="/Users/MouseZhang/Documents/springboot/workspaces/SpringBootSecurityModule/target/surefire/surefirebooter6592088558912334936.jar"/>
    <property name="sun.boot.class.path" value="/Library/Java/JavaVirtualMachines/jdk1.8.0_102.jdk/Contents/Home/jre/lib/resources.jar:/Library/Java/JavaVirtualMachines/jdk1.8.0_102.jdk/Contents/Home/jre/lib/rt.jar:/Library/Java/JavaVirtualMachines/jdk1.8.0_102.jdk/Contents/Home/jre/lib/sunrsasign.jar:/Library/Java/JavaVirtualMachines/jdk1.8.0_102.jdk/Contents/Home/jre/lib/jsse.jar:/Library/Java/JavaVirtualMachines/jdk1.8.0_102.jdk/Contents/Home/jre/lib/jce.jar:/Library/Java/JavaVirtualMachines/jdk1.8.0_102.jdk/Contents/Home/jre/lib/charsets.jar:/Library/Java/JavaVirtualMachines/jdk1.8.0_102.jdk/Contents/Home/jre/lib/jfr.jar:/Library/Java/JavaVirtualMachines/jdk1.8.0_102.jdk/Contents/Home/jre/classes"/>
    <property name="sun.management.compiler" value="HotSpot 64-Bit Tiered Compilers"/>
    <property name="java.runtime.version" value="1.8.0_102-b14"/>
    <property name="user.name" value="MouseZhang"/>
    <property name="path.separator" value=":"/>
    <property name="os.version" value="10.13.6"/>
    <property name="java.endorsed.dirs" value="/Library/Java/JavaVirtualMachines/jdk1.8.0_102.jdk/Contents/Home/jre/lib/endorsed"/>
    <property name="java.runtime.name" value="Java(TM) SE Runtime Environment"/>
    <property name="file.encoding" value="UTF-8"/>
    <property name="java.vm.name" value="Java HotSpot(TM) 64-Bit Server VM"/>
    <property name="localRepository" value="/Users/MouseZhang/Documents/maven3libs"/>
    <property name="java.vendor.url.bug" value="http://bugreport.sun.com/bugreport/"/>
    <property name="java.io.tmpdir" value="/var/folders/5w/xy9dd4gd5q96jvgpyf0fbvl80000gn/T/"/>
    <property name="java.version" value="1.8.0_102"/>
    <property name="user.dir" value="/Users/MouseZhang/Documents/springboot/workspaces/SpringBootSecurityModule"/>
    <property name="os.arch" value="x86_64"/>
    <property name="java.vm.specification.name" value="Java Virtual Machine Specification"/>
    <property name="java.awt.printerjob" value="sun.lwawt.macosx.CPrinterJob"/>
    <property name="user.language.format" value="en"/>
    <property name="sun.os.patch.level" value="unknown"/>
    <property name="idea.version2019.3.3" value="true"/>
    <property name="java.library.path" value="/Users/MouseZhang/Library/Java/Extensions:/Library/Java/Extensions:/Network/Library/Java/Extensions:/System/Library/Java/Extensions:/usr/lib/java:."/>
    <property name="java.vm.info" value="mixed mode"/>
    <property name="java.vendor" value="Oracle Corporation"/>
    <property name="java.vm.version" value="25.102-b14"/>
    <property name="java.ext.dirs" value="/Users/MouseZhang/Library/Java/Extensions:/Library/Java/JavaVirtualMachines/jdk1.8.0_102.jdk/Contents/Home/jre/lib/ext:/Library/Java/Extensions:/Network/Library/Java/Extensions:/System/Library/Java/Extensions:/usr/lib/java"/>
    <property name="sun.io.unicode.encoding" value="UnicodeBig"/>
    <property name="java.class.version" value="52.0"/>
  </properties>
  <testcase name="initializationError" classname="cn.ustb.SecurityApplicationTests" time="0.011">
    <error message="The class cn.ustb.SecurityApplicationTests is not public." type="java.lang.Exception">java.lang.Exception: The class cn.ustb.SecurityApplicationTests is not public.
</error>
  </testcase>
  <testcase name="initializationError" classname="cn.ustb.SecurityApplicationTests" time="0">
    <error message="Test class should have exactly one public constructor" type="java.lang.Exception">java.lang.Exception: Test class should have exactly one public constructor
</error>
  </testcase>
  <testcase name="initializationError" classname="cn.ustb.SecurityApplicationTests" time="0.001">
    <error message="Method contextLoads() should be public" type="java.lang.Exception">java.lang.Exception: Method contextLoads() should be public
</error>
  </testcase>
</testsuite>